<?xml version="1.0" encoding="UTF-8"?>
<testng-results ignored="0" total="1" passed="1" failed="0" skipped="0">
  <reporter-output>
  </reporter-output>
  <suite started-at="2023-12-20T09:38:27 CST" name="Default suite" finished-at="2023-12-20T09:39:27 CST" duration-ms="60357">
    <groups>
    </groups>
    <test started-at="2023-12-20T09:38:27 CST" name="Default test" finished-at="2023-12-20T09:39:27 CST" duration-ms="60357">
      <class name="test.AddCustomerTest">
        <test-method signature="userShouldBeAbleToAddNewCustomer()[pri:0, instance:test.AddCustomerTest@7bc10d84]" started-at="2023-12-20T09:38:27 CST" name="userShouldBeAbleToAddNewCustomer" finished-at="2023-12-20T09:39:27 CST" duration-ms="60324" status="PASS">
          <reporter-output>
          </reporter-output>
        </test-method> <!-- userShouldBeAbleToAddNewCustomer -->
      </class> <!-- test.AddCustomerTest -->
    </test> <!-- Default test -->
  </suite> <!-- Default suite -->
</testng-results>
